# JRE version: Java(TM) SE Runtime Environment (8.0_20-b26) (build 1.8.0_20-b26)
# Java VM: Java HotSpot(TM) Client VM (25.20-b23 mixed mode windows-x86 )
Heap:
 def new generation   total 9792K, used 2750K [0x04800000, 0x05290000, 0x09d50000)
  eden space 8768K,  19% used [0x04800000, 0x049af918, 0x05090000)
  from space 1024K, 100% used [0x05090000, 0x05190000, 0x05190000)
  to   space 1024K,   0% used [0x05190000, 0x05190000, 0x05290000)
 tenured generation   total 21520K, used 17411K [0x09d50000, 0x0b254000, 0x14800000)
   the space 21520K,  80% used [0x09d50000, 0x0ae50f70, 0x0ae51000, 0x0b254000)
 Metaspace       used 18754K, capacity 18901K, committed 18944K, reserved 19840K
GC Heap History (10 events):
Event: 4.492 GC heap before
{Heap before GC invocations=37 (full 2):
 def new generation   total 9792K, used 9541K [0x04800000, 0x05290000, 0x09d50000)
  eden space 8768K, 100% used [0x04800000, 0x05090000, 0x05090000)
  from space 1024K,  75% used [0x05190000, 0x052517f0, 0x05290000)
  to   space 1024K,   0% used [0x05090000, 0x05090000, 0x05190000)
 tenured generation   total 21520K, used 12911K [0x09d50000, 0x0b254000, 0x14800000)
   the space 21520K,  59% used [0x09d50000, 0x0a9ebe90, 0x0a9ec000, 0x0b254000)
 Metaspace       used 16900K, capacity 17035K, committed 17152K, reserved 17792K
Event: 4.498 GC heap after
Heap after GC invocations=38 (full 2):
 def new generation   total 9792K, used 1024K [0x04800000, 0x05290000, 0x09d50000)
  eden space 8768K,   0% used [0x04800000, 0x04800000, 0x05090000)
  from space 1024K, 100% used [0x05090000, 0x05190000, 0x05190000)
  to   space 1024K,   0% used [0x05190000, 0x05190000, 0x05290000)
 tenured generation   total 21520K, used 13473K [0x09d50000, 0x0b254000, 0x14800000)
   the space 21520K,  62% used [0x09d50000, 0x0aa78558, 0x0aa78600, 0x0b254000)
 Metaspace       used 16900K, capacity 17035K, committed 17152K, reserved 17792K
}
Event: 4.642 GC heap before
{Heap before GC invocations=38 (full 2):
 def new generation   total 9792K, used 9792K [0x04800000, 0x05290000, 0x09d50000)
  eden space 8768K, 100% used [0x04800000, 0x05090000, 0x05090000)
  from space 1024K, 100% used [0x05090000, 0x05190000, 0x05190000)
  to   space 1024K,   0% used [0x05190000, 0x05190000, 0x05290000)
 tenured generation   total 21520K, used 13473K [0x09d50000, 0x0b254000, 0x14800000)
   the space 21520K,  62% used [0x09d50000, 0x0aa78558, 0x0aa78600, 0x0b254000)
 Metaspace       used 17052K, capacity 17197K, committed 17280K, reserved 17792K
Event: 4.647 GC heap after
Heap after GC invocations=39 (full 2):
 def new generation   total 9792K, used 802K [0x04800000, 0x05290000, 0x09d50000)
  eden space 8768K,   0% used [0x04800000, 0x04800000, 0x05090000)
  from space 1024K,  78% used [0x05190000, 0x05258bb0, 0x05290000)
  to   space 1024K,   0% used [0x05090000, 0x05090000, 0x05190000)
 tenured generation   total 21520K, used 14047K [0x09d50000, 0x0b254000, 0x14800000)
   the space 21520K,  65% used [0x09d50000, 0x0ab07c50, 0x0ab07e00, 0x0b254000)
 Metaspace       used 17052K, capacity 17197K, committed 17280K, reserved 17792K
}
Event: 4.802 GC heap before
{Heap before GC invocations=39 (full 2):
 def new generation   total 9792K, used 9570K [0x04800000, 0x05290000, 0x09d50000)
  eden space 8768K, 100% used [0x04800000, 0x05090000, 0x05090000)
  from space 1024K,  78% used [0x05190000, 0x05258bb0, 0x05290000)
  to   space 1024K,   0% used [0x05090000, 0x05090000, 0x05190000)
 tenured generation   total 21520K, used 14047K [0x09d50000, 0x0b254000, 0x14800000)
   the space 21520K,  65% used [0x09d50000, 0x0ab07c50, 0x0ab07e00, 0x0b254000)
 Metaspace       used 17165K, capacity 17328K, committed 17408K, reserved 17792K
Event: 4.806 GC heap after
Heap after GC invocations=40 (full 2):
 def new generation   total 9792K, used 495K [0x04800000, 0x05290000, 0x09d50000)
  eden space 8768K,   0% used [0x04800000, 0x04800000, 0x05090000)
  from space 1024K,  48% used [0x05090000, 0x0510bd88, 0x05190000)
  to   space 1024K,   0% used [0x05190000, 0x05190000, 0x05290000)
 tenured generation   total 21520K, used 14635K [0x09d50000, 0x0b254000, 0x14800000)
   the space 21520K,  68% used [0x09d50000, 0x0ab9af98, 0x0ab9b000, 0x0b254000)
 Metaspace       used 17165K, capacity 17328K, committed 17408K, reserved 17792K
}
Event: 14.348 GC heap before
{Heap before GC invocations=40 (full 2):
 def new generation   total 9792K, used 9263K [0x04800000, 0x05290000, 0x09d50000)
  eden space 8768K, 100% used [0x04800000, 0x05090000, 0x05090000)
  from space 1024K,  48% used [0x05090000, 0x0510bd88, 0x05190000)
  to   space 1024K,   0% used [0x05190000, 0x05190000, 0x05290000)
 tenured generation   total 21520K, used 14635K [0x09d50000, 0x0b254000, 0x14800000)
   the space 21520K,  68% used [0x09d50000, 0x0ab9af98, 0x0ab9b000, 0x0b254000)
 Metaspace       used 17809K, capacity 17973K, committed 18048K, reserved 18816K
Event: 14.355 GC heap after
Heap after GC invocations=41 (full 2):
 def new generation   total 9792K, used 1024K [0x04800000, 0x05290000, 0x09d50000)
  eden space 8768K,   0% used [0x04800000, 0x04800000, 0x05090000)
  from space 1024K, 100% used [0x05190000, 0x05290000, 0x05290000)
  to   space 1024K,   0% used [0x05090000, 0x05090000, 0x05190000)
 tenured generation   total 21520K, used 16105K [0x09d50000, 0x0b254000, 0x14800000)
   the space 21520K,  74% used [0x09d50000, 0x0ad0a450, 0x0ad0a600, 0x0b254000)
 Metaspace       used 17809K, capacity 17973K, committed 18048K, reserved 18816K
}
Event: 21.794 GC heap before
{Heap before GC invocations=41 (full 2):
 def new generation   total 9792K, used 9792K [0x04800000, 0x05290000, 0x09d50000)
  eden space 8768K, 100% used [0x04800000, 0x05090000, 0x05090000)
  from space 1024K, 100% used [0x05190000, 0x05290000, 0x05290000)
  to   space 1024K,   0% used [0x05090000, 0x05090000, 0x05190000)
 tenured generation   total 21520K, used 16105K [0x09d50000, 0x0b254000, 0x14800000)
   the space 21520K,  74% used [0x09d50000, 0x0ad0a450, 0x0ad0a600, 0x0b254000)
 Metaspace       used 18605K, capacity 18741K, committed 18816K, reserved 18816K
Event: 21.817 GC heap after
Heap after GC invocations=42 (full 2):
 def new generation   total 9792K, used 1024K [0x04800000, 0x05290000, 0x09d50000)
  eden space 8768K,   0% used [0x04800000, 0x04800000, 0x05090000)
  from space 1024K, 100% used [0x05090000, 0x05190000, 0x05190000)
  to   space 1024K,   0% used [0x05190000, 0x05190000, 0x05290000)
 tenured generation   total 21520K, used 17411K [0x09d50000, 0x0b254000, 0x14800000)
   the space 21520K,  80% used [0x09d50000, 0x0ae50f70, 0x0ae51000, 0x0b254000)
 Metaspace       used 18605K, capacity 18741K, committed 18816K, reserved 18816K
}

